
> erp-pangan-masa-depan@2.9.0 dev
> npm run build && npm start


> erp-pangan-masa-depan@2.9.0 prebuild
> prisma generate

Environment variables loaded from .env
Prisma schema loaded from prisma/schema.prisma

✔ Generated Prisma Client (v6.4.0) to ./node_modules/@prisma/client in 161ms

Start by importing your Prisma Client (See: https://pris.ly/d/importing-client)

Tip: Want real-time updates to your database without manual polling? Discover how with Pulse: https://pris.ly/tip-0-pulse


> erp-pangan-masa-depan@2.9.0 build
> rm -rf dist && tsc


> erp-pangan-masa-depan@2.9.0 start
> node dist

Prisma connected
✅api [normal] 'post /invoices/:id/items' (T_addInvoiceItem) is ready
✅api [normal] 'post /analyze-grain' (T_analyzeGrain) is ready
✅api [normal] 'post /purchase-orders/:id/approve' (T_approvePurchaseOrder) is ready
✅api [normal] 'post /purchase-orders/:id/cancel' (T_cancelPurchaseOrder) is ready
✅api [normal] 'put /auth/change-password' (T_changePassword) is ready
✅api [normal] 'post /notifications/check' (T_checkNotifications) is ready
✅api [normal] 'post /customers' (T_createCustomer) is ready
✅api [normal] 'post /employees' (T_createEmployee) is ready
✅api [normal] 'post /factories' (T_createFactory) is ready
✅api [normal] 'post /goods-receipts' (T_createGoodsReceipt) is ready
✅api [normal] 'post /invoices' (T_createInvoice) is ready
✅api [normal] 'post /machines' (T_createMachine) is ready
✅api [normal] 'post /maintenances' (T_createMaintenance) is ready
✅api [normal] 'post /output-products' (T_createOutputProduct) is ready
✅api [normal] 'post /payments' (T_createPayment) is ready
✅api [normal] 'post /process-categories' (T_createProcessCategory) is ready
✅api [normal] 'post /product-types' (T_createProductType) is ready
✅api [normal] 'post /purchase-orders' (T_createPurchaseOrder) is ready
✅api [normal] 'post /quality-parameters' (T_createQualityParameter) is ready
✅api [normal] 'post /raw-material-categories' (T_createRawMaterialCategory) is ready
✅api [normal] 'post /raw-material-varieties' (T_createRawMaterialVariety) is ready
✅api [normal] 'post /stocks' (T_createStock) is ready
✅api [normal] 'post /stock-movements' (T_createStockMovement) is ready
✅api [normal] 'post /suppliers' (T_createSupplier) is ready
✅api [normal] 'post /users' (T_createUserByAdmin) is ready
✅api [normal] 'post /worksheets' (T_createWorksheet) is ready
✅api [normal] 'delete /customers/:id' (T_deleteCustomer) is ready
✅api [normal] 'delete /admin/dummy/delete' (T_deleteDummy) is ready
✅api [normal] 'delete /employees/:id' (T_deleteEmployee) is ready
✅api [normal] 'delete /factories/:id' (T_deleteFactory) is ready
✅api [normal] 'delete /goods-receipts/:id' (T_deleteGoodsReceipt) is ready
✅api [normal] 'delete /invoices/:id' (T_deleteInvoice) is ready
✅api [normal] 'delete /invoice-items/:id' (T_deleteInvoiceItem) is ready
✅api [normal] 'delete /machines/:id' (T_deleteMachine) is ready
✅api [normal] 'delete /maintenances/:id' (T_deleteMaintenance) is ready
✅api [normal] 'delete /payments/:id' (T_deletePayment) is ready
✅api [normal] 'delete /product-types/:id' (T_deleteProductType) is ready
✅api [normal] 'delete /purchase-orders/:id' (T_deletePurchaseOrder) is ready
✅api [normal] 'delete /quality-parameters/:id' (T_deleteQualityParameter) is ready
✅api [normal] 'delete /raw-material-categories/:id' (T_deleteRawMaterialCategory) is ready
✅api [normal] 'delete /raw-material-varieties/:id' (T_deleteRawMaterialVariety) is ready
✅api [normal] 'delete /stocks/:id' (T_deleteStock) is ready
✅api [normal] 'delete /stock-movements/:id' (T_deleteStockMovement) is ready
✅api [normal] 'delete /suppliers/:id' (T_deleteSupplier) is ready
✅api [normal] 'delete /users/:id' (T_deleteUser) is ready
✅api [normal] 'delete /worksheets/:id' (T_deleteWorksheet) is ready
✅api [normal] 'post /admin/dummy/generate' (T_generateDummy) is ready
✅api [normal] 'get /reports/cogm' (T_getCOGMReport) is ready
✅api [normal] 'get /customers/:id' (T_getCustomer) is ready
✅api [normal] 'get /customers' (T_getCustomers) is ready
✅api [normal] 'get /dashboard/stats' (T_getDashboardStats) is ready
✅api [normal] 'get /employees/:id' (T_getEmployeeById) is ready
✅api [normal] 'get /reports/employee-demographics' (T_getEmployeeDemographics) is ready
✅api [normal] 'get /employees' (T_getEmployees) is ready
✅api [normal] 'get /dashboard/executive' (T_getExecutiveDashboard) is ready
✅api [normal] 'get /factories' (T_getFactories) is ready
✅api [normal] 'get /factories/:id' (T_getFactoryById) is ready
✅api [normal] 'get /goods-receipts/:id' (T_getGoodsReceipt) is ready
✅api [normal] 'get /goods-receipts' (T_getGoodsReceipts) is ready
✅api [normal] 'get /invoices/:id' (T_getInvoice) is ready
✅api [normal] 'get /invoices' (T_getInvoices) is ready
✅api [normal] 'get /machines/:id' (T_getMachineById) is ready
✅api [normal] 'get /machines' (T_getMachines) is ready
✅api [normal] 'get /maintenances/:id' (T_getMaintenanceById) is ready
✅api [normal] 'get /maintenances' (T_getMaintenances) is ready
✅api [normal] 'get /auth/me' (T_getMe) is ready
✅api [normal] 'get /notifications/count' (T_getNotificationCount) is ready
✅api [normal] 'get /notifications' (T_getNotifications) is ready
✅api [normal] 'get /output-products' (T_getOutputProducts) is ready
✅api [normal] 'get /payments' (T_getPayments) is ready
✅api [normal] 'get /process-categories' (T_getProcessCategories) is ready
✅api [normal] 'get /product-types/:id' (T_getProductTypeById) is ready
✅api [normal] 'get /product-types' (T_getProductTypes) is ready
✅api [normal] 'get /reports/production-summary' (T_getProductionSummary) is ready
✅api [normal] 'get /purchase-orders/:id' (T_getPurchaseOrder) is ready
✅api [normal] 'get /purchase-orders/stats' (T_getPurchaseOrderStats) is ready
✅api [normal] 'get /purchase-orders' (T_getPurchaseOrders) is ready
✅api [normal] 'get /quality-parameters' (T_getQualityParameters) is ready
✅api [normal] 'get /raw-material-categories' (T_getRawMaterialCategories) is ready
✅api [normal] 'get /raw-material-varieties' (T_getRawMaterialVarieties) is ready
✅api [normal] 'get /reports/sales-summary' (T_getSalesSummary) is ready
✅api [normal] 'get /stocks/:id' (T_getStockById) is ready
✅api [normal] 'get /stock-movements' (T_getStockMovements) is ready
✅api [normal] 'get /reports/stock-report' (T_getStockReport) is ready
✅api [normal] 'get /stocks' (T_getStocks) is ready
✅api [normal] 'get /suppliers/:id' (T_getSupplierById) is ready
✅api [normal] 'get /suppliers' (T_getSuppliers) is ready
✅api [normal] 'get /users/:id' (T_getUserById) is ready
✅api [normal] 'get /users' (T_getUsers) is ready
✅api [normal] 'get /worksheets/:id' (T_getWorksheetById) is ready
✅api [normal] 'get /worksheets' (T_getWorksheets) is ready
✅api [normal] 'delete /admin/hard-reset' (T_hardReset) is ready
✅api [normal] 'post /auth/login' (T_login) is ready
✅api [normal] 'post /notifications/read-all' (T_markAllNotificationsRead) is ready
✅api [normal] 'post /notifications/:id/read' (T_markNotificationRead) is ready
✅api [normal] 'post /auth/register' (T_register) is ready
✅api [normal] 'delete /admin/dummy/reset' (T_resetDummy) is ready
✅api [normal] 'put /users/:id/reset-password' (T_resetUserPassword) is ready
✅api [normal] 'post /seed-superuser' (T_seedSuperuser) is ready
✅api [normal] 'post /quality-analysis' (T_submitQualityAnalysis) is ready
✅api [normal] 'post /stocks/transfer' (T_transferStock) is ready
✅api [normal] 'put /customers/:id' (T_updateCustomer) is ready
✅api [normal] 'put /employees/:id' (T_updateEmployee) is ready
✅api [normal] 'put /factories/:id' (T_updateFactory) is ready
✅api [normal] 'put /invoices/:id' (T_updateInvoice) is ready
✅api [normal] 'put /machines/:id' (T_updateMachine) is ready
✅api [normal] 'put /maintenances/:id' (T_updateMaintenance) is ready
✅api [normal] 'put /product-types/:id' (T_updateProductType) is ready
✅api [normal] 'put /purchase-orders/:id' (T_updatePurchaseOrder) is ready
✅api [normal] 'put /quality-parameters/:id' (T_updateQualityParameter) is ready
✅api [normal] 'put /stocks/:id' (T_updateStock) is ready
✅api [normal] 'put /suppliers/:id' (T_updateSupplier) is ready
✅api [normal] 'put /users/:id' (T_updateUser) is ready
✅api [normal] 'put /worksheets/:id' (T_updateWorksheet) is ready

⚡️[server]: Server is running at http://localhost:3005
ValidationError: The Express 'trust proxy' setting is true, which allows anyone to trivially bypass IP-based rate limiting. See https://express-rate-limit.github.io/ERR_ERL_PERMISSIVE_TRUST_PROXY/ for more information.
    at Object.trustProxy (/Users/yay/Project/erp-pangan-masa-depan/node_modules/express-rate-limit/dist/index.cjs:348:13)
    at wrappedValidations.<computed> [as trustProxy] (/Users/yay/Project/erp-pangan-masa-depan/node_modules/express-rate-limit/dist/index.cjs:680:22)
    at Object.keyGenerator (/Users/yay/Project/erp-pangan-masa-depan/node_modules/express-rate-limit/dist/index.cjs:782:20)
    at /Users/yay/Project/erp-pangan-masa-depan/node_modules/express-rate-limit/dist/index.cjs:844:32
    at process.processTicksAndRejections (node:internal/process/task_queues:104:5)
    at async /Users/yay/Project/erp-pangan-masa-depan/node_modules/express-rate-limit/dist/index.cjs:825:5 {
  code: 'ERR_ERL_PERMISSIVE_TRUST_PROXY',
  help: 'https://express-rate-limit.github.io/ERR_ERL_PERMISSIVE_TRUST_PROXY/'
}
API Error: AppError: Authorization required
    at new UnauthorizedError (/Users/yay/Project/erp-pangan-masa-depan/dist/src/utils/errors.js:39:9)
    at extractToken (/Users/yay/Project/erp-pangan-masa-depan/dist/utility/auth.js:90:11)
    at getUserFromToken (/Users/yay/Project/erp-pangan-masa-depan/dist/utility/auth.js:94:44)
    at requireAuth (/Users/yay/Project/erp-pangan-masa-depan/dist/utility/auth.js:112:53)
    at /Users/yay/Project/erp-pangan-masa-depan/dist/implementation/T_getNotificationCount.js:8:47
    at /Users/yay/Project/erp-pangan-masa-depan/dist/src/utils/apiWrapper.js:22:28
    at Server.<anonymous> (/Users/yay/Project/erp-pangan-masa-depan/node_modules/@naiv/codegen-nodejs-typeorm/dist/server.js:163:50)
    at Generator.next (<anonymous>)
    at /Users/yay/Project/erp-pangan-masa-depan/node_modules/@naiv/codegen-nodejs-typeorm/dist/server.js:41:71
    at new Promise (<anonymous>)
    at __awaiter (/Users/yay/Project/erp-pangan-masa-depan/node_modules/@naiv/codegen-nodejs-typeorm/dist/server.js:37:12)
    at /Users/yay/Project/erp-pangan-masa-depan/node_modules/@naiv/codegen-nodejs-typeorm/dist/server.js:127:70
    at Layer.handleRequest (/Users/yay/Project/erp-pangan-masa-depan/node_modules/router/lib/layer.js:152:17)
    at next (/Users/yay/Project/erp-pangan-masa-depan/node_modules/router/lib/route.js:157:13)
    at Route.dispatch (/Users/yay/Project/erp-pangan-masa-depan/node_modules/router/lib/route.js:117:3)
    at handle (/Users/yay/Project/erp-pangan-masa-depan/node_modules/router/index.js:435:11) {
  statusCode: 401,
  isOperational: true
}
{"method":"GET","path":"/notifications/count","status":200,"duration_ms":144,"ip":"::1","timestamp":"2026-02-15T05:52:12.448Z"}
sh: line 1: 52120 Killed: 9               npm start
